<?xml version="1.0" encoding="UTF-8"?>
<!-- Generated by org.testng.reporters.JUnitXMLReporter -->
<testsuite ignored="0" hostname="Marija-HP255-G7" failures="0" tests="3" name="Default test" time="60.464" errors="0" timestamp="2020-04-03T20:45:09 CEST">
  <testcase classname="tests.NavigationTest" name="navigationTest1" time="13.558"/>
  <testcase classname="tests.NavigationTest" name="navigationTest2" time="13.901"/>
  <testcase classname="tests.NavigationTest" name="navigationTest3" time="15.337"/>
</testsuite> <!-- Default test -->
