<?xml version="1.0" encoding="UTF-8"?>
<testng-results ignored="0" total="3" passed="3" failed="0" skipped="0">
  <reporter-output>
  </reporter-output>
  <suite started-at="2020-04-03T20:44:09 CEST" name="Default suite" finished-at="2020-04-03T20:45:09 CEST" duration-ms="60464">
    <groups>
    </groups>
    <test started-at="2020-04-03T20:44:09 CEST" name="Default test" finished-at="2020-04-03T20:45:09 CEST" duration-ms="60464">
      <class name="tests.NavigationTest">
        <test-method is-config="true" signature="settings()[pri:0, instance:tests.NavigationTest@222114ba]" started-at="2020-04-03T20:44:09 CEST" name="settings" finished-at="2020-04-03T20:44:15 CEST" duration-ms="6042" status="PASS">
          <reporter-output>
          </reporter-output>
        </test-method> <!-- settings -->
        <test-method signature="navigationTest1()[pri:0, instance:tests.NavigationTest@222114ba]" started-at="2020-04-03T20:44:15 CEST" name="navigationTest1" finished-at="2020-04-03T20:44:28 CEST" duration-ms="13558" status="PASS">
          <reporter-output>
          </reporter-output>
        </test-method> <!-- navigationTest1 -->
        <test-method is-config="true" signature="close()[pri:0, instance:tests.NavigationTest@222114ba]" started-at="2020-04-03T20:44:28 CEST" name="close" finished-at="2020-04-03T20:44:28 CEST" duration-ms="86" status="PASS">
          <reporter-output>
          </reporter-output>
        </test-method> <!-- close -->
        <test-method is-config="true" signature="settings()[pri:0, instance:tests.NavigationTest@222114ba]" started-at="2020-04-03T20:44:28 CEST" name="settings" finished-at="2020-04-03T20:44:34 CEST" duration-ms="5418" status="PASS">
          <reporter-output>
          </reporter-output>
        </test-method> <!-- settings -->
        <test-method signature="navigationTest2()[pri:0, instance:tests.NavigationTest@222114ba]" started-at="2020-04-03T20:44:34 CEST" name="navigationTest2" finished-at="2020-04-03T20:44:48 CEST" duration-ms="13901" status="PASS">
          <reporter-output>
          </reporter-output>
        </test-method> <!-- navigationTest2 -->
        <test-method is-config="true" signature="close()[pri:0, instance:tests.NavigationTest@222114ba]" started-at="2020-04-03T20:44:48 CEST" name="close" finished-at="2020-04-03T20:44:48 CEST" duration-ms="128" status="PASS">
          <reporter-output>
          </reporter-output>
        </test-method> <!-- close -->
        <test-method is-config="true" signature="settings()[pri:0, instance:tests.NavigationTest@222114ba]" started-at="2020-04-03T20:44:48 CEST" name="settings" finished-at="2020-04-03T20:44:54 CEST" duration-ms="5853" status="PASS">
          <reporter-output>
          </reporter-output>
        </test-method> <!-- settings -->
        <test-method signature="navigationTest3()[pri:0, instance:tests.NavigationTest@222114ba]" started-at="2020-04-03T20:44:54 CEST" name="navigationTest3" finished-at="2020-04-03T20:45:09 CEST" duration-ms="15337" status="PASS">
          <reporter-output>
          </reporter-output>
        </test-method> <!-- navigationTest3 -->
        <test-method is-config="true" signature="close()[pri:0, instance:tests.NavigationTest@222114ba]" started-at="2020-04-03T20:45:09 CEST" name="close" finished-at="2020-04-03T20:45:09 CEST" duration-ms="81" status="PASS">
          <reporter-output>
          </reporter-output>
        </test-method> <!-- close -->
      </class> <!-- tests.NavigationTest -->
    </test> <!-- Default test -->
  </suite> <!-- Default suite -->
</testng-results>
